<?xml version="1.0" encoding="UTF-8"?>
<!-- Generated by org.testng.reporters.JUnitReportReporter -->
<testsuite hostname="indeln0124" failures="0" tests="1" name="com.cz.test.RunApiATSuite" time="1.157" errors="0" timestamp="30 Jul 2019 10:19:50 GMT" skipped="0">
  <testcase classname="com.cz.test.RunApiATSuite" name="feature" time="1.157"/>
</testsuite> <!-- com.cz.test.RunApiATSuite -->
