<?xml version="1.0" encoding="UTF-8"?>
<!-- Generated by org.testng.reporters.JUnitReportReporter -->
<testsuite hostname="indeln0124" failures="0" tests="3" name="com.cz.suiterunners.RunApiATSuite" time="8.630" errors="0" timestamp="07 Aug 2019 09:08:45 GMT" skipped="1">
  <testcase classname="com.cz.suiterunners.RunApiATSuite" name="runScenario" time="0.758">
    <skipped/>
  </testcase> <!-- runScenario -->
  <testcase classname="com.cz.suiterunners.RunApiATSuite" name="runScenario" time="1.659"/>
  <testcase classname="com.cz.suiterunners.RunApiATSuite" name="runScenario" time="6.213"/>
</testsuite> <!-- com.cz.suiterunners.RunApiATSuite -->
